<?xml version="1.0" encoding="UTF-8"?>
<!-- Generated by org.testng.reporters.JUnitReportReporter -->
<testsuite hostname="ADITYA-MSI" failures="0" tests="2" name="com.pranoti.selenium.testPriority2" time="0.010" errors="0" timestamp="2025-02-24T11:33:38 IST" skipped="0">
  <testcase classname="com.pranoti.selenium.testPriority2" name="TestCase2" time="0.009"/>
  <system-out/>
  <testcase classname="com.pranoti.selenium.testPriority2" name="TestCase" time="0.001"/>
  <system-out/>
</testsuite> <!-- com.pranoti.selenium.testPriority2 -->
