<?xml version="1.0" encoding="UTF-8"?>
<!-- Generated by org.testng.reporters.JUnitReportReporter -->
<testsuite hostname="ADITYA-MSI" failures="0" tests="3" name="com.pranoti.selenium.testPriority" time="0.013" errors="0" timestamp="2025-02-24T11:19:20 IST" skipped="0">
  <testcase classname="com.pranoti.selenium.testPriority" name="testC" time="0.009"/>
  <system-out/>
  <testcase classname="com.pranoti.selenium.testPriority" name="testB" time="0.002"/>
  <system-out/>
  <testcase classname="com.pranoti.selenium.testPriority" name="testA" time="0.002"/>
  <system-out/>
</testsuite> <!-- com.pranoti.selenium.testPriority -->
