<?xml version="1.0" encoding="UTF-8"?>
<!-- Generated by org.testng.reporters.JUnitReportReporter -->
<testsuite hostname="ADITYA-MSI" failures="0" tests="1" name="com.pranoti.selenium.crossbrowser" time="5.880" errors="0" timestamp="2025-03-04T18:27:17 IST" skipped="0">
  <testcase classname="com.pranoti.selenium.crossbrowser" name="testGoogle" time="5.880"/>
  <system-out/>
</testsuite> <!-- com.pranoti.selenium.crossbrowser -->
