<?xml version="1.0" encoding="UTF-8"?>
<!-- Generated by org.testng.reporters.JUnitReportReporter -->
<testsuite hostname="ADITYA-MSI" failures="0" tests="1" name="com.pranoti.selenium.groupsDemo2" time="0.008" errors="0" timestamp="2025-02-24T11:13:29 IST" skipped="0">
  <testcase classname="com.pranoti.selenium.groupsDemo2" name="testSeven" time="0.008"/>
  <system-out/>
</testsuite> <!-- com.pranoti.selenium.groupsDemo2 -->
