<?xml version="1.0" encoding="UTF-8"?>
<!-- Generated by org.testng.reporters.JUnitReportReporter -->
<testsuite hostname="ADITYA-MSI" failures="0" tests="3" name="com.pranoti.selenium.LoginTest" time="0.010" errors="0" timestamp="2025-02-27T16:01:21 IST" skipped="0">
  <testcase classname="com.pranoti.selenium.LoginTest" name="testLogin" time="0.006"/>
  <system-out/>
  <testcase classname="com.pranoti.selenium.LoginTest" name="testLogin" time="0.002"/>
  <system-out/>
  <testcase classname="com.pranoti.selenium.LoginTest" name="testLogin" time="0.002"/>
  <system-out/>
</testsuite> <!-- com.pranoti.selenium.LoginTest -->
