<?xml version="1.0" encoding="UTF-8"?>
<!-- Generated by org.testng.reporters.JUnitReportReporter -->
<testsuite hostname="ADITYA-MSI" failures="0" tests="3" name="com.pranoti.selenium.Xmlfile" time="0.007" errors="0" timestamp="2025-03-01T10:24:39 IST" skipped="0">
  <testcase classname="com.pranoti.selenium.Xmlfile" name="excelData" time="0.005"/>
  <system-out/>
  <testcase classname="com.pranoti.selenium.Xmlfile" name="excelData" time="0.001"/>
  <system-out/>
  <testcase classname="com.pranoti.selenium.Xmlfile" name="excelData" time="0.001"/>
  <system-out/>
</testsuite> <!-- com.pranoti.selenium.Xmlfile -->
