<?xml version="1.0" encoding="UTF-8"?>
<!-- Generated by org.testng.reporters.JUnitReportReporter -->
<testsuite hostname="ADITYA-MSI" failures="0" tests="4" name="com.pranoti.selenium.dataProvider" time="0.013" errors="0" timestamp="2025-02-24T12:13:16 IST" skipped="0">
  <testcase classname="com.pranoti.selenium.dataProvider" name="login" time="0.008"/>
  <system-out/>
  <testcase classname="com.pranoti.selenium.dataProvider" name="login" time="0.001"/>
  <system-out/>
  <testcase classname="com.pranoti.selenium.dataProvider" name="login" time="0.001"/>
  <system-out/>
  <testcase classname="com.pranoti.selenium.dataProvider" name="login" time="0.003"/>
  <system-out/>
</testsuite> <!-- com.pranoti.selenium.dataProvider -->
