<?xml version="1.0" encoding="UTF-8"?>
<!-- Generated by org.testng.reporters.JUnitReportReporter -->
<testsuite hostname="ADITYA-MSI" failures="0" tests="3" name="com.pranoti.selenium.groupsDemo" time="0.004" errors="0" timestamp="2025-02-24T11:19:20 IST" skipped="0">
  <testcase classname="com.pranoti.selenium.groupsDemo" name="testTwo" time="0.001"/>
  <system-out/>
  <testcase classname="com.pranoti.selenium.groupsDemo" name="testOne" time="0.002"/>
  <system-out/>
  <testcase classname="com.pranoti.selenium.groupsDemo" name="testThree" time="0.001"/>
  <system-out/>
</testsuite> <!-- com.pranoti.selenium.groupsDemo -->
