<?xml version="1.0" encoding="UTF-8"?>
<!-- Generated by org.testng.reporters.JUnitReportReporter -->
<testsuite hostname="ADITYA-MSI" failures="0" tests="2" name="com.pranoti.selenium.DEmotestng" time="0.015" errors="0" timestamp="2025-03-01T10:18:48 IST" skipped="0">
  <testcase classname="com.pranoti.selenium.DEmotestng" name="testMethod" time="0.008"/>
  <system-out/>
  <testcase classname="com.pranoti.selenium.DEmotestng" name="testTwoMethod" time="0.007"/>
  <system-out/>
</testsuite> <!-- com.pranoti.selenium.DEmotestng -->
