<?xml version="1.0" encoding="UTF-8"?>
<!-- Generated by org.testng.reporters.JUnitReportReporter -->
<testsuite hostname="ADITYA-MSI" failures="0" tests="4" name="com.pranoti.selenium.TestDepensOnMethod" time="0.015" errors="0" timestamp="2025-02-24T11:44:51 IST" skipped="0">
  <testcase classname="com.pranoti.selenium.TestDepensOnMethod" name="searchProduct" time="0.002"/>
  <system-out/>
  <testcase classname="com.pranoti.selenium.TestDepensOnMethod" name="Payment" time="0.002"/>
  <system-out/>
  <testcase classname="com.pranoti.selenium.TestDepensOnMethod" name="login" time="0.009"/>
  <system-out/>
  <testcase classname="com.pranoti.selenium.TestDepensOnMethod" name="placeOrder" time="0.002"/>
  <system-out/>
</testsuite> <!-- com.pranoti.selenium.TestDepensOnMethod -->
