<?xml version="1.0" encoding="UTF-8"?>
<!-- Generated by org.testng.reporters.JUnitReportReporter -->
<testsuite hostname="ADITYA-MSI" failures="0" tests="2" name="com.pranoti.selenium.TestngFile" time="0.008" errors="0" timestamp="2025-02-19T16:16:12 IST" skipped="0">
  <testcase classname="com.pranoti.selenium.TestngFile" name="testCase2" time="0.001"/>
  <system-out/>
  <testcase classname="com.pranoti.selenium.TestngFile" name="testCase1" time="0.007"/>
  <system-out/>
</testsuite> <!-- com.pranoti.selenium.TestngFile -->
