<?xml version="1.0" encoding="UTF-8"?>
<!-- Generated by org.testng.reporters.JUnitReportReporter -->
<testsuite hostname="ADITYA-MSI" failures="0" tests="4" name="com.pranoti.selenium.Testdependmethod" time="0.012" errors="0" timestamp="2025-02-27T16:30:03 IST" skipped="0">
  <testcase classname="com.pranoti.selenium.Testdependmethod" name="login" time="0.008"/>
  <system-out/>
  <testcase classname="com.pranoti.selenium.Testdependmethod" name="search" time="0.001"/>
  <system-out/>
  <testcase classname="com.pranoti.selenium.Testdependmethod" name="payment" time="0.001"/>
  <system-out/>
  <testcase classname="com.pranoti.selenium.Testdependmethod" name="order" time="0.002"/>
  <system-out/>
</testsuite> <!-- com.pranoti.selenium.Testdependmethod -->
